<?xml version="1.0" encoding="UTF-8"?>
<!-- Generated by org.testng.reporters.JUnitXMLReporter -->
<testsuite hostname="Nilesh-PC" ignored="0" name="Default test" tests="1" failures="0" timestamp="29 Oct 2019 17:26:25 GMT" time="3.484" errors="0">
  <testcase name="@BeforeMethod setUp" time="3.251" classname="TestCases.VerificationLoginPage">
    <failure type="org.openqa.selenium.SessionNotCreatedException" message="session not created: This version of ChromeDriver only supports Chrome version 76
Build info: version: &amp;apos;3.14.0&amp;apos;, revision: &amp;apos;aacccce0&amp;apos;, time: &amp;apos;2018-08-02T20:19:58.91Z&amp;apos;
System info: host: &amp;apos;NILESH-PC&amp;apos;, ip: &amp;apos;192.168.0.4&amp;apos;, os.name: &amp;apos;Windows 7&amp;apos;, os.arch: &amp;apos;amd64&amp;apos;, os.version: &amp;apos;6.1&amp;apos;, java.version: &amp;apos;1.8.0_181&amp;apos;
Driver info: driver.version: ChromeDriver
remote stacktrace: Backtrace:
	Ordinal0 [0x003D7C93+1473683]
	Ordinal0 [0x0035ADB1+961969]
	Ordinal0 [0x002E42E3+475875]
	Ordinal0 [0x0027F365+62309]
	Ordinal0 [0x0027BC77+48247]
	Ordinal0 [0x00299149+168265]
	Ordinal0 [0x00298D1D+167197]
	Ordinal0 [0x0029742B+160811]
	Ordinal0 [0x00280AE6+68326]
	Ordinal0 [0x00281BF0+72688]
	Ordinal0 [0x00281B89+72585]
	Ordinal0 [0x00374B77+1067895]
	GetHandleVerifier [0x00476875+506677]
	GetHandleVerifier [0x00476610+506064]
	GetHandleVerifier [0x0047D1B8+533624]
	GetHandleVerifier [0x0047704A+508682]
	Ordinal0 [0x0036C266+1032806]
	Ordinal0 [0x0036C0DF+1032415]
	Ordinal0 [0x00376A8B+1075851]
	Ordinal0 [0x00376BF3+1076211]
	Ordinal0 [0x00375BA5+1072037]
	BaseThreadInitThunk [0x77133677+18]
	RtlInitializeExceptionChain [0x77709D72+99]
	RtlInitializeExceptionChain [0x77709D45+54]
">
      <![CDATA[org.openqa.selenium.SessionNotCreatedException: session not created: This version of ChromeDriver only supports Chrome version 76
Build info: version: '3.14.0', revision: 'aacccce0', time: '2018-08-02T20:19:58.91Z'
System info: host: 'NILESH-PC', ip: '192.168.0.4', os.name: 'Windows 7', os.arch: 'amd64', os.version: '6.1', java.version: '1.8.0_181'
Driver info: driver.version: ChromeDriver
remote stacktrace: Backtrace:
Ordinal0 [0x003D7C93+1473683]
Ordinal0 [0x0035ADB1+961969]
Ordinal0 [0x002E42E3+475875]
Ordinal0 [0x0027F365+62309]
Ordinal0 [0x0027BC77+48247]
Ordinal0 [0x00299149+168265]
Ordinal0 [0x00298D1D+167197]
Ordinal0 [0x0029742B+160811]
Ordinal0 [0x00280AE6+68326]
Ordinal0 [0x00281BF0+72688]
Ordinal0 [0x00281B89+72585]
Ordinal0 [0x00374B77+1067895]
GetHandleVerifier [0x00476875+506677]
GetHandleVerifier [0x00476610+506064]
GetHandleVerifier [0x0047D1B8+533624]
GetHandleVerifier [0x0047704A+508682]
Ordinal0 [0x0036C266+1032806]
Ordinal0 [0x0036C0DF+1032415]
Ordinal0 [0x00376A8B+1075851]
Ordinal0 [0x00376BF3+1076211]
Ordinal0 [0x00375BA5+1072037]
BaseThreadInitThunk [0x77133677+18]
RtlInitializeExceptionChain [0x77709D72+99]
RtlInitializeExceptionChain [0x77709D45+54]

at sun.reflect.NativeConstructorAccessorImpl.newInstance0(Native Method)
at sun.reflect.NativeConstructorAccessorImpl.newInstance(Unknown Source)
at sun.reflect.DelegatingConstructorAccessorImpl.newInstance(Unknown Source)
at java.lang.reflect.Constructor.newInstance(Unknown Source)
at org.openqa.selenium.remote.W3CHandshakeResponse.lambda$new$0(W3CHandshakeResponse.java:57)
at org.openqa.selenium.remote.W3CHandshakeResponse.lambda$getResponseFunction$2(W3CHandshakeResponse.java:104)
at org.openqa.selenium.remote.ProtocolHandshake.lambda$createSession$0(ProtocolHandshake.java:122)
at java.util.stream.ReferencePipeline$3$1.accept(Unknown Source)
at java.util.Spliterators$ArraySpliterator.tryAdvance(Unknown Source)
at java.util.stream.ReferencePipeline.forEachWithCancel(Unknown Source)
at java.util.stream.AbstractPipeline.copyIntoWithCancel(Unknown Source)
at java.util.stream.AbstractPipeline.copyInto(Unknown Source)
at java.util.stream.AbstractPipeline.wrapAndCopyInto(Unknown Source)
at java.util.stream.FindOps$FindOp.evaluateSequential(Unknown Source)
at java.util.stream.AbstractPipeline.evaluate(Unknown Source)
at java.util.stream.ReferencePipeline.findFirst(Unknown Source)
at org.openqa.selenium.remote.ProtocolHandshake.createSession(ProtocolHandshake.java:125)
at org.openqa.selenium.remote.ProtocolHandshake.createSession(ProtocolHandshake.java:73)
at org.openqa.selenium.remote.HttpCommandExecutor.execute(HttpCommandExecutor.java:136)
at org.openqa.selenium.remote.service.DriverCommandExecutor.execute(DriverCommandExecutor.java:83)
at org.openqa.selenium.remote.RemoteWebDriver.execute(RemoteWebDriver.java:548)
at org.openqa.selenium.remote.RemoteWebDriver.startSession(RemoteWebDriver.java:212)
at org.openqa.selenium.remote.RemoteWebDriver.<init>(RemoteWebDriver.java:130)
at org.openqa.selenium.chrome.ChromeDriver.<init>(ChromeDriver.java:181)
at org.openqa.selenium.chrome.ChromeDriver.<init>(ChromeDriver.java:168)
at org.openqa.selenium.chrome.ChromeDriver.<init>(ChromeDriver.java:123)
at Factory.BrowserFactory.getBrowser(BrowserFactory.java:27)
at TestCases.VerificationLoginPage.setUp(VerificationLoginPage.java:25)
at sun.reflect.NativeMethodAccessorImpl.invoke0(Native Method)
at sun.reflect.NativeMethodAccessorImpl.invoke(Unknown Source)
at sun.reflect.DelegatingMethodAccessorImpl.invoke(Unknown Source)
at java.lang.reflect.Method.invoke(Unknown Source)
at org.testng.internal.MethodInvocationHelper.invokeMethod(MethodInvocationHelper.java:124)
at org.testng.internal.MethodInvocationHelper.invokeMethodConsideringTimeout(MethodInvocationHelper.java:59)
at org.testng.internal.Invoker.invokeConfigurationMethod(Invoker.java:458)
at org.testng.internal.Invoker.invokeConfigurations(Invoker.java:222)
at org.testng.internal.Invoker.invokeMethod(Invoker.java:523)
at org.testng.internal.Invoker.invokeTestMethod(Invoker.java:719)
at org.testng.internal.Invoker.invokeTestMethods(Invoker.java:989)
at org.testng.internal.TestMethodWorker.invokeTestMethods(TestMethodWorker.java:125)
at org.testng.internal.TestMethodWorker.run(TestMethodWorker.java:109)
at org.testng.TestRunner.privateRun(TestRunner.java:648)
at org.testng.TestRunner.run(TestRunner.java:505)
at org.testng.SuiteRunner.runTest(SuiteRunner.java:455)
at org.testng.SuiteRunner.runSequentially(SuiteRunner.java:450)
at org.testng.SuiteRunner.privateRun(SuiteRunner.java:415)
at org.testng.SuiteRunner.run(SuiteRunner.java:364)
at org.testng.SuiteRunnerWorker.runSuite(SuiteRunnerWorker.java:52)
at org.testng.SuiteRunnerWorker.run(SuiteRunnerWorker.java:84)
at org.testng.TestNG.runSuitesSequentially(TestNG.java:1208)
at org.testng.TestNG.runSuitesLocally(TestNG.java:1137)
at org.testng.TestNG.runSuites(TestNG.java:1049)
at org.testng.TestNG.run(TestNG.java:1017)
at org.testng.remote.AbstractRemoteTestNG.run(AbstractRemoteTestNG.java:115)
at org.testng.remote.RemoteTestNG.initAndRun(RemoteTestNG.java:251)
at org.testng.remote.RemoteTestNG.main(RemoteTestNG.java:77)
]]>
    </failure>
  </testcase> <!-- @BeforeMethod setUp -->
  <testcase name="@AfterMethod tearDown" time="0.0" classname="TestCases.VerificationLoginPage">
    <skipped/>
  </testcase> <!-- @AfterMethod tearDown -->
  <testcase name="testPage" time="0.0" classname="TestCases.VerificationLoginPage">
    <skipped/>
  </testcase> <!-- testPage -->
</testsuite> <!-- Default test -->
